<?xml version="1.0" encoding="UTF-8"?>
<robot generator="Robot 6.1.1 (Python 3.11.5 on linux)" generated="20231120 23:48:38.911" rpa="false" schemaversion="4">
<suite id="s1" name="Register" source="/home/sunteemu/Koulu/ohtu/ohtu-palautusrepositorio/viikko3/web-login/src/tests/register.robot">
<kw name="Open And Configure Browser" library="resource" type="SETUP">
<kw name="Evaluate" library="BuiltIn">
<var>${options}</var>
<arg>sys.modules['selenium.webdriver'].FirefoxOptions()</arg>
<arg>sys</arg>
<doc>Evaluates the given expression in Python and returns the result.</doc>
<msg timestamp="20231120 23:48:39.132" level="INFO">${options} = &lt;selenium.webdriver.firefox.options.Options object at 0x7f24ca2ee0d0&gt;</msg>
<status status="PASS" starttime="20231120 23:48:39.131" endtime="20231120 23:48:39.132"/>
</kw>
<kw name="Call Method" library="BuiltIn">
<arg>${options}</arg>
<arg>add_argument</arg>
<arg>--no-sandbox</arg>
<doc>Calls the named method of the given object with the provided arguments.</doc>
<status status="PASS" starttime="20231120 23:48:39.132" endtime="20231120 23:48:39.132"/>
</kw>
<kw name="Call Method" library="BuiltIn">
<arg>${options}</arg>
<arg>add_argument</arg>
<arg>--headless</arg>
<doc>Calls the named method of the given object with the provided arguments.</doc>
<status status="PASS" starttime="20231120 23:48:39.132" endtime="20231120 23:48:39.133"/>
</kw>
<kw name="Open Browser" library="SeleniumLibrary">
<arg>browser=chrome</arg>
<arg>options=${options}</arg>
<doc>Opens a new browser instance to the optional ``url``.</doc>
<msg timestamp="20231120 23:48:39.133" level="INFO">Opening browser 'chrome' to base url 'None'.</msg>
<status status="PASS" starttime="20231120 23:48:39.133" endtime="20231120 23:48:42.205"/>
</kw>
<kw name="Set Selenium Speed" library="SeleniumLibrary">
<arg>${DELAY}</arg>
<doc>Sets the delay that is waited after each Selenium command.</doc>
<status status="PASS" starttime="20231120 23:48:42.205" endtime="20231120 23:48:42.206"/>
</kw>
<status status="PASS" starttime="20231120 23:48:39.131" endtime="20231120 23:48:42.206"/>
</kw>
<test id="s1-t1" name="Register With Valid Username And Password" line="8">
<kw name="Go To Register Page" library="resource" type="SETUP">
<kw name="Go To" library="SeleniumLibrary">
<arg>${REGISTER_URL}</arg>
<doc>Navigates the current browser window to the provided ``url``.</doc>
<msg timestamp="20231120 23:48:42.210" level="INFO">Opening url 'http://localhost:5001/register'</msg>
<status status="PASS" starttime="20231120 23:48:42.210" endtime="20231120 23:48:42.310"/>
</kw>
<status status="PASS" starttime="20231120 23:48:42.210" endtime="20231120 23:48:42.311"/>
</kw>
<kw name="Input Text" library="SeleniumLibrary">
<arg>username</arg>
<arg>kalle</arg>
<doc>Types the given ``text`` into the text field identified by ``locator``.</doc>
<msg timestamp="20231120 23:48:42.312" level="INFO">Typing text 'kalle' into text field 'username'.</msg>
<status status="PASS" starttime="20231120 23:48:42.311" endtime="20231120 23:48:42.416"/>
</kw>
<kw name="Input Text" library="SeleniumLibrary">
<arg>password</arg>
<arg>kalle321kalle</arg>
<doc>Types the given ``text`` into the text field identified by ``locator``.</doc>
<msg timestamp="20231120 23:48:42.417" level="INFO">Typing text 'kalle321kalle' into text field 'password'.</msg>
<status status="PASS" starttime="20231120 23:48:42.416" endtime="20231120 23:48:42.435"/>
</kw>
<kw name="Input Text" library="SeleniumLibrary">
<arg>password_confirmation</arg>
<arg>kalle321kalle</arg>
<doc>Types the given ``text`` into the text field identified by ``locator``.</doc>
<msg timestamp="20231120 23:48:42.436" level="INFO">Typing text 'kalle321kalle' into text field 'password_confirmation'.</msg>
<status status="PASS" starttime="20231120 23:48:42.436" endtime="20231120 23:48:42.453"/>
</kw>
<kw name="Click Button" library="SeleniumLibrary">
<arg>Register</arg>
<doc>Clicks the button identified by ``locator``.</doc>
<msg timestamp="20231120 23:48:42.454" level="INFO">Clicking button 'Register'.</msg>
<status status="PASS" starttime="20231120 23:48:42.454" endtime="20231120 23:48:42.506"/>
</kw>
<kw name="Title Should Be" library="SeleniumLibrary">
<arg>Welcome to Ohtu Application!</arg>
<doc>Verifies that the current page title equals ``title``.</doc>
<msg timestamp="20231120 23:48:42.508" level="INFO">Page title is 'Welcome to Ohtu Application!'.</msg>
<status status="PASS" starttime="20231120 23:48:42.506" endtime="20231120 23:48:42.508"/>
</kw>
<status status="PASS" starttime="20231120 23:48:42.206" endtime="20231120 23:48:42.509"/>
</test>
<test id="s1-t2" name="Register With Too Short Username And Valid Password" line="15">
<kw name="Go To Register Page" library="resource" type="SETUP">
<kw name="Go To" library="SeleniumLibrary">
<arg>${REGISTER_URL}</arg>
<doc>Navigates the current browser window to the provided ``url``.</doc>
<msg timestamp="20231120 23:48:42.510" level="INFO">Opening url 'http://localhost:5001/register'</msg>
<status status="PASS" starttime="20231120 23:48:42.510" endtime="20231120 23:48:42.542"/>
</kw>
<status status="PASS" starttime="20231120 23:48:42.509" endtime="20231120 23:48:42.542"/>
</kw>
<kw name="Input Text" library="SeleniumLibrary">
<arg>username</arg>
<arg>ka</arg>
<doc>Types the given ``text`` into the text field identified by ``locator``.</doc>
<msg timestamp="20231120 23:48:42.543" level="INFO">Typing text 'ka' into text field 'username'.</msg>
<status status="PASS" starttime="20231120 23:48:42.542" endtime="20231120 23:48:42.568"/>
</kw>
<kw name="Input Text" library="SeleniumLibrary">
<arg>password</arg>
<arg>kalle321kalle</arg>
<doc>Types the given ``text`` into the text field identified by ``locator``.</doc>
<msg timestamp="20231120 23:48:42.569" level="INFO">Typing text 'kalle321kalle' into text field 'password'.</msg>
<status status="PASS" starttime="20231120 23:48:42.568" endtime="20231120 23:48:42.585"/>
</kw>
<kw name="Input Text" library="SeleniumLibrary">
<arg>password_confirmation</arg>
<arg>kalle321kalle</arg>
<doc>Types the given ``text`` into the text field identified by ``locator``.</doc>
<msg timestamp="20231120 23:48:42.586" level="INFO">Typing text 'kalle321kalle' into text field 'password_confirmation'.</msg>
<status status="PASS" starttime="20231120 23:48:42.585" endtime="20231120 23:48:42.600"/>
</kw>
<kw name="Click Button" library="SeleniumLibrary">
<arg>Register</arg>
<doc>Clicks the button identified by ``locator``.</doc>
<msg timestamp="20231120 23:48:42.601" level="INFO">Clicking button 'Register'.</msg>
<status status="PASS" starttime="20231120 23:48:42.600" endtime="20231120 23:48:42.641"/>
</kw>
<kw name="Page Should Contain" library="SeleniumLibrary">
<arg>Invalid username</arg>
<doc>Verifies that current page contains ``text``.</doc>
<msg timestamp="20231120 23:48:42.652" level="INFO">Current page contains text 'Invalid username'.</msg>
<status status="PASS" starttime="20231120 23:48:42.641" endtime="20231120 23:48:42.652"/>
</kw>
<status status="PASS" starttime="20231120 23:48:42.509" endtime="20231120 23:48:42.652"/>
</test>
<test id="s1-t3" name="Register With Valid Username And Invalid Password" line="22">
<kw name="Go To Register Page" library="resource" type="SETUP">
<kw name="Go To" library="SeleniumLibrary">
<arg>${REGISTER_URL}</arg>
<doc>Navigates the current browser window to the provided ``url``.</doc>
<msg timestamp="20231120 23:48:42.653" level="INFO">Opening url 'http://localhost:5001/register'</msg>
<status status="PASS" starttime="20231120 23:48:42.653" endtime="20231120 23:48:42.677"/>
</kw>
<status status="PASS" starttime="20231120 23:48:42.653" endtime="20231120 23:48:42.677"/>
</kw>
<kw name="Input Text" library="SeleniumLibrary">
<arg>username</arg>
<arg>kalle</arg>
<doc>Types the given ``text`` into the text field identified by ``locator``.</doc>
<msg timestamp="20231120 23:48:42.678" level="INFO">Typing text 'kalle' into text field 'username'.</msg>
<status status="PASS" starttime="20231120 23:48:42.677" endtime="20231120 23:48:42.705"/>
</kw>
<kw name="Input Text" library="SeleniumLibrary">
<arg>password</arg>
<arg>kallekalle</arg>
<doc>Types the given ``text`` into the text field identified by ``locator``.</doc>
<msg timestamp="20231120 23:48:42.706" level="INFO">Typing text 'kallekalle' into text field 'password'.</msg>
<status status="PASS" starttime="20231120 23:48:42.705" endtime="20231120 23:48:42.721"/>
</kw>
<kw name="Input Text" library="SeleniumLibrary">
<arg>password_confirmation</arg>
<arg>kallekalle</arg>
<doc>Types the given ``text`` into the text field identified by ``locator``.</doc>
<msg timestamp="20231120 23:48:42.722" level="INFO">Typing text 'kallekalle' into text field 'password_confirmation'.</msg>
<status status="PASS" starttime="20231120 23:48:42.721" endtime="20231120 23:48:42.736"/>
</kw>
<kw name="Click Button" library="SeleniumLibrary">
<arg>Register</arg>
<doc>Clicks the button identified by ``locator``.</doc>
<msg timestamp="20231120 23:48:42.737" level="INFO">Clicking button 'Register'.</msg>
<status status="PASS" starttime="20231120 23:48:42.736" endtime="20231120 23:48:42.784"/>
</kw>
<kw name="Page Should Contain" library="SeleniumLibrary">
<arg>Password must contain at least one digit</arg>
<doc>Verifies that current page contains ``text``.</doc>
<msg timestamp="20231120 23:48:42.791" level="INFO">Current page contains text 'Password must contain at least one digit'.</msg>
<status status="PASS" starttime="20231120 23:48:42.784" endtime="20231120 23:48:42.791"/>
</kw>
<kw name="Input Text" library="SeleniumLibrary">
<arg>username</arg>
<arg>kalle</arg>
<doc>Types the given ``text`` into the text field identified by ``locator``.</doc>
<msg timestamp="20231120 23:48:42.792" level="INFO">Typing text 'kalle' into text field 'username'.</msg>
<status status="PASS" starttime="20231120 23:48:42.791" endtime="20231120 23:48:42.812"/>
</kw>
<kw name="Input Text" library="SeleniumLibrary">
<arg>password</arg>
<arg>kalle1</arg>
<doc>Types the given ``text`` into the text field identified by ``locator``.</doc>
<msg timestamp="20231120 23:48:42.812" level="INFO">Typing text 'kalle1' into text field 'password'.</msg>
<status status="PASS" starttime="20231120 23:48:42.812" endtime="20231120 23:48:42.825"/>
</kw>
<kw name="Input Text" library="SeleniumLibrary">
<arg>password_confirmation</arg>
<arg>kalle1</arg>
<doc>Types the given ``text`` into the text field identified by ``locator``.</doc>
<msg timestamp="20231120 23:48:42.826" level="INFO">Typing text 'kalle1' into text field 'password_confirmation'.</msg>
<status status="PASS" starttime="20231120 23:48:42.826" endtime="20231120 23:48:42.840"/>
</kw>
<kw name="Click Button" library="SeleniumLibrary">
<arg>Register</arg>
<doc>Clicks the button identified by ``locator``.</doc>
<msg timestamp="20231120 23:48:42.840" level="INFO">Clicking button 'Register'.</msg>
<status status="PASS" starttime="20231120 23:48:42.840" endtime="20231120 23:48:42.871"/>
</kw>
<kw name="Page Should Contain" library="SeleniumLibrary">
<arg>Password must be at least 8 characters long</arg>
<doc>Verifies that current page contains ``text``.</doc>
<msg timestamp="20231120 23:48:42.879" level="INFO">Current page contains text 'Password must be at least 8 characters long'.</msg>
<status status="PASS" starttime="20231120 23:48:42.872" endtime="20231120 23:48:42.879"/>
</kw>
<status status="PASS" starttime="20231120 23:48:42.652" endtime="20231120 23:48:42.879"/>
</test>
<test id="s1-t4" name="Register With Nonmatching Password And Password Confirmation" line="35">
<kw name="Go To Register Page" library="resource" type="SETUP">
<kw name="Go To" library="SeleniumLibrary">
<arg>${REGISTER_URL}</arg>
<doc>Navigates the current browser window to the provided ``url``.</doc>
<msg timestamp="20231120 23:48:42.881" level="INFO">Opening url 'http://localhost:5001/register'</msg>
<status status="PASS" starttime="20231120 23:48:42.880" endtime="20231120 23:48:42.899"/>
</kw>
<status status="PASS" starttime="20231120 23:48:42.880" endtime="20231120 23:48:42.899"/>
</kw>
<kw name="Input Text" library="SeleniumLibrary">
<arg>username</arg>
<arg>kalle</arg>
<doc>Types the given ``text`` into the text field identified by ``locator``.</doc>
<msg timestamp="20231120 23:48:42.899" level="INFO">Typing text 'kalle' into text field 'username'.</msg>
<status status="PASS" starttime="20231120 23:48:42.899" endtime="20231120 23:48:42.914"/>
</kw>
<kw name="Input Text" library="SeleniumLibrary">
<arg>password</arg>
<arg>kalle12345</arg>
<doc>Types the given ``text`` into the text field identified by ``locator``.</doc>
<msg timestamp="20231120 23:48:42.914" level="INFO">Typing text 'kalle12345' into text field 'password'.</msg>
<status status="PASS" starttime="20231120 23:48:42.914" endtime="20231120 23:48:42.930"/>
</kw>
<kw name="Input Text" library="SeleniumLibrary">
<arg>password_confirmation</arg>
<arg>kalle54321</arg>
<doc>Types the given ``text`` into the text field identified by ``locator``.</doc>
<msg timestamp="20231120 23:48:42.930" level="INFO">Typing text 'kalle54321' into text field 'password_confirmation'.</msg>
<status status="PASS" starttime="20231120 23:48:42.930" endtime="20231120 23:48:42.941"/>
</kw>
<kw name="Click Button" library="SeleniumLibrary">
<arg>Register</arg>
<doc>Clicks the button identified by ``locator``.</doc>
<msg timestamp="20231120 23:48:42.942" level="INFO">Clicking button 'Register'.</msg>
<status status="PASS" starttime="20231120 23:48:42.941" endtime="20231120 23:48:42.973"/>
</kw>
<kw name="Page Should Contain" library="SeleniumLibrary">
<arg>Password and confirmation do not match</arg>
<doc>Verifies that current page contains ``text``.</doc>
<msg timestamp="20231120 23:48:42.979" level="INFO">Current page contains text 'Password and confirmation do not match'.</msg>
<status status="PASS" starttime="20231120 23:48:42.973" endtime="20231120 23:48:42.979"/>
</kw>
<status status="PASS" starttime="20231120 23:48:42.880" endtime="20231120 23:48:42.979"/>
</test>
<test id="s1-t5" name="Login After Successful Registration" line="43">
<kw name="Go To Register Page" library="resource" type="SETUP">
<kw name="Go To" library="SeleniumLibrary">
<arg>${REGISTER_URL}</arg>
<doc>Navigates the current browser window to the provided ``url``.</doc>
<msg timestamp="20231120 23:48:42.980" level="INFO">Opening url 'http://localhost:5001/register'</msg>
<status status="PASS" starttime="20231120 23:48:42.980" endtime="20231120 23:48:42.999"/>
</kw>
<status status="PASS" starttime="20231120 23:48:42.980" endtime="20231120 23:48:42.999"/>
</kw>
<kw name="Input Text" library="SeleniumLibrary">
<arg>username</arg>
<arg>frodo</arg>
<doc>Types the given ``text`` into the text field identified by ``locator``.</doc>
<msg timestamp="20231120 23:48:43.000" level="INFO">Typing text 'frodo' into text field 'username'.</msg>
<status status="PASS" starttime="20231120 23:48:42.999" endtime="20231120 23:48:43.015"/>
</kw>
<kw name="Input Text" library="SeleniumLibrary">
<arg>password</arg>
<arg>frodo321</arg>
<doc>Types the given ``text`` into the text field identified by ``locator``.</doc>
<msg timestamp="20231120 23:48:43.016" level="INFO">Typing text 'frodo321' into text field 'password'.</msg>
<status status="PASS" starttime="20231120 23:48:43.015" endtime="20231120 23:48:43.026"/>
</kw>
<kw name="Input Text" library="SeleniumLibrary">
<arg>password_confirmation</arg>
<arg>frodo321</arg>
<doc>Types the given ``text`` into the text field identified by ``locator``.</doc>
<msg timestamp="20231120 23:48:43.027" level="INFO">Typing text 'frodo321' into text field 'password_confirmation'.</msg>
<status status="PASS" starttime="20231120 23:48:43.027" endtime="20231120 23:48:43.038"/>
</kw>
<kw name="Click Button" library="SeleniumLibrary">
<arg>Register</arg>
<doc>Clicks the button identified by ``locator``.</doc>
<msg timestamp="20231120 23:48:43.039" level="INFO">Clicking button 'Register'.</msg>
<status status="PASS" starttime="20231120 23:48:43.038" endtime="20231120 23:48:43.071"/>
</kw>
<kw name="Logout" library="resource">
<kw name="Go To" library="SeleniumLibrary">
<arg>${SERVER}/ohtu</arg>
<doc>Navigates the current browser window to the provided ``url``.</doc>
<msg timestamp="20231120 23:48:43.072" level="INFO">Opening url 'localhost:5001/ohtu'</msg>
<status status="PASS" starttime="20231120 23:48:43.071" endtime="20231120 23:48:43.093"/>
</kw>
<kw name="Click Button" library="SeleniumLibrary">
<arg>Logout</arg>
<doc>Clicks the button identified by ``locator``.</doc>
<msg timestamp="20231120 23:48:43.093" level="INFO">Clicking button 'Logout'.</msg>
<status status="PASS" starttime="20231120 23:48:43.093" endtime="20231120 23:48:43.129"/>
</kw>
<status status="PASS" starttime="20231120 23:48:43.071" endtime="20231120 23:48:43.129"/>
</kw>
<kw name="Go To" library="SeleniumLibrary">
<arg>${LOGIN_URL}</arg>
<doc>Navigates the current browser window to the provided ``url``.</doc>
<msg timestamp="20231120 23:48:43.130" level="INFO">Opening url 'http://localhost:5001/login'</msg>
<status status="PASS" starttime="20231120 23:48:43.130" endtime="20231120 23:48:43.149"/>
</kw>
<kw name="Input Text" library="SeleniumLibrary">
<arg>username</arg>
<arg>frodo</arg>
<doc>Types the given ``text`` into the text field identified by ``locator``.</doc>
<msg timestamp="20231120 23:48:43.150" level="INFO">Typing text 'frodo' into text field 'username'.</msg>
<status status="PASS" starttime="20231120 23:48:43.149" endtime="20231120 23:48:43.166"/>
</kw>
<kw name="Input Text" library="SeleniumLibrary">
<arg>password</arg>
<arg>frodo321</arg>
<doc>Types the given ``text`` into the text field identified by ``locator``.</doc>
<msg timestamp="20231120 23:48:43.166" level="INFO">Typing text 'frodo321' into text field 'password'.</msg>
<status status="PASS" starttime="20231120 23:48:43.166" endtime="20231120 23:48:43.178"/>
</kw>
<kw name="Click Button" library="SeleniumLibrary">
<arg>Login</arg>
<doc>Clicks the button identified by ``locator``.</doc>
<msg timestamp="20231120 23:48:43.178" level="INFO">Clicking button 'Login'.</msg>
<status status="PASS" starttime="20231120 23:48:43.178" endtime="20231120 23:48:43.209"/>
</kw>
<kw name="Main Page Should Be Open" library="resource">
<kw name="Title Should Be" library="SeleniumLibrary">
<arg>Ohtu Application main page</arg>
<doc>Verifies that the current page title equals ``title``.</doc>
<msg timestamp="20231120 23:48:43.213" level="INFO">Page title is 'Ohtu Application main page'.</msg>
<status status="PASS" starttime="20231120 23:48:43.210" endtime="20231120 23:48:43.213"/>
</kw>
<status status="PASS" starttime="20231120 23:48:43.209" endtime="20231120 23:48:43.213"/>
</kw>
<status status="PASS" starttime="20231120 23:48:42.980" endtime="20231120 23:48:43.213"/>
</test>
<test id="s1-t6" name="Login After Failed Registration" line="55">
<kw name="Go To Register Page" library="resource" type="SETUP">
<kw name="Go To" library="SeleniumLibrary">
<arg>${REGISTER_URL}</arg>
<doc>Navigates the current browser window to the provided ``url``.</doc>
<msg timestamp="20231120 23:48:43.214" level="INFO">Opening url 'http://localhost:5001/register'</msg>
<status status="PASS" starttime="20231120 23:48:43.214" endtime="20231120 23:48:43.235"/>
</kw>
<status status="PASS" starttime="20231120 23:48:43.214" endtime="20231120 23:48:43.235"/>
</kw>
<kw name="Input Text" library="SeleniumLibrary">
<arg>username</arg>
<arg>samwais</arg>
<doc>Types the given ``text`` into the text field identified by ``locator``.</doc>
<msg timestamp="20231120 23:48:43.235" level="INFO">Typing text 'samwais' into text field 'username'.</msg>
<status status="PASS" starttime="20231120 23:48:43.235" endtime="20231120 23:48:43.255"/>
</kw>
<kw name="Input Text" library="SeleniumLibrary">
<arg>password</arg>
<arg>bagend</arg>
<doc>Types the given ``text`` into the text field identified by ``locator``.</doc>
<msg timestamp="20231120 23:48:43.256" level="INFO">Typing text 'bagend' into text field 'password'.</msg>
<status status="PASS" starttime="20231120 23:48:43.255" endtime="20231120 23:48:43.267"/>
</kw>
<kw name="Click Button" library="SeleniumLibrary">
<arg>Register</arg>
<doc>Clicks the button identified by ``locator``.</doc>
<msg timestamp="20231120 23:48:43.268" level="INFO">Clicking button 'Register'.</msg>
<status status="PASS" starttime="20231120 23:48:43.267" endtime="20231120 23:48:43.299"/>
</kw>
<kw name="Go To" library="SeleniumLibrary">
<arg>${LOGIN_URL}</arg>
<doc>Navigates the current browser window to the provided ``url``.</doc>
<msg timestamp="20231120 23:48:43.299" level="INFO">Opening url 'http://localhost:5001/login'</msg>
<status status="PASS" starttime="20231120 23:48:43.299" endtime="20231120 23:48:43.318"/>
</kw>
<kw name="Input Text" library="SeleniumLibrary">
<arg>username</arg>
<arg>samwais</arg>
<doc>Types the given ``text`` into the text field identified by ``locator``.</doc>
<msg timestamp="20231120 23:48:43.319" level="INFO">Typing text 'samwais' into text field 'username'.</msg>
<status status="PASS" starttime="20231120 23:48:43.318" endtime="20231120 23:48:43.338"/>
</kw>
<kw name="Input Text" library="SeleniumLibrary">
<arg>password</arg>
<arg>bagend</arg>
<doc>Types the given ``text`` into the text field identified by ``locator``.</doc>
<msg timestamp="20231120 23:48:43.339" level="INFO">Typing text 'bagend' into text field 'password'.</msg>
<status status="PASS" starttime="20231120 23:48:43.339" endtime="20231120 23:48:43.354"/>
</kw>
<kw name="Click Button" library="SeleniumLibrary">
<arg>Login</arg>
<doc>Clicks the button identified by ``locator``.</doc>
<msg timestamp="20231120 23:48:43.355" level="INFO">Clicking button 'Login'.</msg>
<status status="PASS" starttime="20231120 23:48:43.355" endtime="20231120 23:48:43.384"/>
</kw>
<kw name="Page Should Contain" library="SeleniumLibrary">
<arg>Invalid username or password</arg>
<doc>Verifies that current page contains ``text``.</doc>
<msg timestamp="20231120 23:48:43.388" level="INFO">Current page contains text 'Invalid username or password'.</msg>
<status status="PASS" starttime="20231120 23:48:43.384" endtime="20231120 23:48:43.388"/>
</kw>
<status status="PASS" starttime="20231120 23:48:43.214" endtime="20231120 23:48:43.388"/>
</test>
<kw name="Close Browser" library="SeleniumLibrary" type="TEARDOWN">
<doc>Closes the current browser.</doc>
<status status="PASS" starttime="20231120 23:48:43.389" endtime="20231120 23:48:43.958"/>
</kw>
<status status="PASS" starttime="20231120 23:48:38.912" endtime="20231120 23:48:43.958"/>
</suite>
<statistics>
<total>
<stat pass="6" fail="0" skip="0">All Tests</stat>
</total>
<tag>
</tag>
<suite>
<stat pass="6" fail="0" skip="0" id="s1" name="Register">Register</stat>
</suite>
</statistics>
<errors>
</errors>
</robot>
